Watching for file changes with StatReloader
Watching for file changes with StatReloader
C:\Users\Code Craft\Desktop\projects\realtime\ecommerce\api\api\settings.py changed, reloading.
C:\Users\Code Craft\Desktop\projects\realtime\ecommerce\api\api\settings.py changed, reloading.
Watching for file changes with StatReloader
Watching for file changes with StatReloader
"GET /api/products/ HTTP/1.1" 200 2768
"GET /api/products/ HTTP/1.1" 200 2768
"GET /api/products/ HTTP/1.1" 200 2768
"GET /api/products/ HTTP/1.1" 200 2768
"GET /admin/account/user/ HTTP/1.1" 200 34562
"GET /admin/account/user/ HTTP/1.1" 200 34562
"GET /admin/jsi18n/ HTTP/1.1" 200 3342
"GET /admin/jsi18n/ HTTP/1.1" 200 3342
"GET /admin/account/user/ HTTP/1.1" 200 34562
"GET /admin/account/user/ HTTP/1.1" 200 34562
"GET /admin/jsi18n/ HTTP/1.1" 200 3342
"GET /admin/jsi18n/ HTTP/1.1" 200 3342
"GET /admin/account/user/ HTTP/1.1" 200 34562
"GET /admin/account/user/ HTTP/1.1" 200 34562
"GET /admin/jsi18n/ HTTP/1.1" 200 3342
"GET /admin/jsi18n/ HTTP/1.1" 200 3342
"GET /admin/account/user/ HTTP/1.1" 200 34562
"GET /admin/account/user/ HTTP/1.1" 200 34562
"GET /admin/jsi18n/ HTTP/1.1" 200 3342
"GET /admin/jsi18n/ HTTP/1.1" 200 3342
"GET /admin/account/user/ HTTP/1.1" 200 34562
"GET /admin/account/user/ HTTP/1.1" 200 34562
"GET /admin/jsi18n/ HTTP/1.1" 200 3342
"GET /admin/jsi18n/ HTTP/1.1" 200 3342
"GET /admin/account/user/ HTTP/1.1" 200 34562
"GET /admin/account/user/ HTTP/1.1" 200 34562
"GET /admin/jsi18n/ HTTP/1.1" 200 3342
"GET /admin/jsi18n/ HTTP/1.1" 200 3342
"GET /api/products/ HTTP/1.1" 200 2768
"GET /api/products/ HTTP/1.1" 200 2768
"GET /api/products/ HTTP/1.1" 200 2768
"GET /api/products/ HTTP/1.1" 200 2768
"GET /api/products/ HTTP/1.1" 200 2768
"GET /api/products/ HTTP/1.1" 200 2768
"GET /api/products/ HTTP/1.1" 200 2768
"GET /api/products/ HTTP/1.1" 200 2768
"GET /admin/ HTTP/1.1" 200 44678
"GET /admin/ HTTP/1.1" 200 44678
Not Found: /api/users
Not Found: /api/users
"GET /api/users HTTP/1.1" 404 4669
"GET /api/users HTTP/1.1" 404 4669
Not Found: /api/account/users
Not Found: /api/account/users
"GET /api/account/users HTTP/1.1" 404 4693
"GET /api/account/users HTTP/1.1" 404 4693
"GET /api/auth/users HTTP/1.1" 301 0
"GET /api/auth/users HTTP/1.1" 301 0
Method Not Allowed: /api/auth/users/
Method Not Allowed: /api/auth/users/
"GET /api/auth/users/ HTTP/1.1" 405 5627
"GET /api/auth/users/ HTTP/1.1" 405 5627
"GET /static/rest_framework/css/bootstrap.min.css HTTP/1.1" 200 121457
"GET /static/rest_framework/css/bootstrap.min.css HTTP/1.1" 200 121457
"GET /static/rest_framework/js/csrf.js HTTP/1.1" 200 1793
"GET /static/rest_framework/js/csrf.js HTTP/1.1" 200 1793
"GET /static/rest_framework/js/bootstrap.min.js HTTP/1.1" 200 39680
"GET /static/rest_framework/js/bootstrap.min.js HTTP/1.1" 200 39680
"GET /static/rest_framework/js/prettify-min.js HTTP/1.1" 200 13632
"GET /static/rest_framework/js/prettify-min.js HTTP/1.1" 200 13632
"GET /static/rest_framework/js/default.js HTTP/1.1" 200 1268
"GET /static/rest_framework/js/default.js HTTP/1.1" 200 1268
"GET /static/rest_framework/js/load-ajax-form.js HTTP/1.1" 200 59
"GET /static/rest_framework/js/load-ajax-form.js HTTP/1.1" 200 59
"GET /static/rest_framework/css/bootstrap-tweaks.css HTTP/1.1" 200 3426
"GET /static/rest_framework/css/bootstrap-tweaks.css HTTP/1.1" 200 3426
"GET /static/rest_framework/css/default.css HTTP/1.1" 200 1152
"GET /static/rest_framework/css/default.css HTTP/1.1" 200 1152
"GET /static/rest_framework/js/jquery-3.7.1.min.js HTTP/1.1" 200 87533
"GET /static/rest_framework/js/jquery-3.7.1.min.js HTTP/1.1" 200 87533
"GET /static/rest_framework/js/ajax-form.js HTTP/1.1" 200 3796
"GET /static/rest_framework/css/prettify.css HTTP/1.1" 200 817
"GET /static/rest_framework/css/prettify.css HTTP/1.1" 200 817
"GET /static/rest_framework/js/ajax-form.js HTTP/1.1" 200 3796
"GET /static/rest_framework/img/grid.png HTTP/1.1" 200 1458
"GET /static/rest_framework/img/grid.png HTTP/1.1" 200 1458
"GET /api/products/ HTTP/1.1" 200 2768
"GET /api/products/ HTTP/1.1" 200 2768
"GET /api/products/ HTTP/1.1" 200 2768
"GET /api/products/ HTTP/1.1" 200 2768
"GET /api/products/ HTTP/1.1" 200 2768
"GET /api/products/ HTTP/1.1" 200 2768
"GET /api/products/ HTTP/1.1" 200 2768
"GET /api/products/ HTTP/1.1" 200 2768
Method Not Allowed: /api/auth/users/
Method Not Allowed: /api/auth/users/
"GET /api/auth/users/ HTTP/1.1" 405 5627
"GET /api/auth/users/ HTTP/1.1" 405 5627
Method Not Allowed: /api/auth/users/
Method Not Allowed: /api/auth/users/
"GET /api/auth/users/ HTTP/1.1" 405 5627
"GET /api/auth/users/ HTTP/1.1" 405 5627
"GET /admin/ HTTP/1.1" 200 44678
"GET /admin/ HTTP/1.1" 200 44678
"GET /admin/account/user/ HTTP/1.1" 200 34562
"GET /admin/account/user/ HTTP/1.1" 200 34562
"GET /admin/jsi18n/ HTTP/1.1" 200 3342
"GET /admin/jsi18n/ HTTP/1.1" 200 3342
Watching for file changes with StatReloader
Watching for file changes with StatReloader
C:\Users\Code Craft\Desktop\projects\realtime\ecommerce\api\account\views.py changed, reloading.
C:\Users\Code Craft\Desktop\projects\realtime\ecommerce\api\account\views.py changed, reloading.
Watching for file changes with StatReloader
Watching for file changes with StatReloader
C:\Users\Code Craft\Desktop\projects\realtime\ecommerce\api\account\views.py changed, reloading.
C:\Users\Code Craft\Desktop\projects\realtime\ecommerce\api\account\views.py changed, reloading.
Watching for file changes with StatReloader
Watching for file changes with StatReloader
"GET /api/products/ HTTP/1.1" 200 2768
"GET /api/products/ HTTP/1.1" 200 2768
"GET /api/products/ HTTP/1.1" 200 2768
"GET /api/products/ HTTP/1.1" 200 2768
"GET /api/products/ HTTP/1.1" 200 2768
"GET /api/products/ HTTP/1.1" 200 2768
"GET /api/products/ HTTP/1.1" 200 2768
"GET /api/products/ HTTP/1.1" 200 2768
"GET /admin/account/user/ HTTP/1.1" 200 34562
"GET /admin/account/user/ HTTP/1.1" 200 34562
"GET /admin/jsi18n/ HTTP/1.1" 200 3342
"GET /admin/jsi18n/ HTTP/1.1" 200 3342
Method Not Allowed: /api/auth/users/
Method Not Allowed: /api/auth/users/
"GET /api/auth/users/ HTTP/1.1" 405 5627
"GET /api/auth/users/ HTTP/1.1" 405 5627
C:\Users\Code Craft\Desktop\projects\realtime\ecommerce\api\account\views.py changed, reloading.
C:\Users\Code Craft\Desktop\projects\realtime\ecommerce\api\account\views.py changed, reloading.
Watching for file changes with StatReloader
Watching for file changes with StatReloader
"GET /api/products/ HTTP/1.1" 200 2768
"GET /api/products/ HTTP/1.1" 200 2768
"GET /api/products/ HTTP/1.1" 200 2768
"GET /api/products/ HTTP/1.1" 200 2768
"GET /api/products/ HTTP/1.1" 200 2768
"GET /api/products/ HTTP/1.1" 200 2768
"GET /api/products/ HTTP/1.1" 200 2768
"GET /api/products/ HTTP/1.1" 200 2768
"GET /admin/account/user/ HTTP/1.1" 200 34562
"GET /admin/account/user/ HTTP/1.1" 200 34562
"GET /admin/jsi18n/ HTTP/1.1" 200 3342
"GET /admin/jsi18n/ HTTP/1.1" 200 3342
C:\Users\Code Craft\Desktop\projects\realtime\ecommerce\api\account\views.py changed, reloading.
C:\Users\Code Craft\Desktop\projects\realtime\ecommerce\api\account\views.py changed, reloading.
Watching for file changes with StatReloader
Watching for file changes with StatReloader
C:\Users\Code Craft\Desktop\projects\realtime\ecommerce\api\account\views.py changed, reloading.
C:\Users\Code Craft\Desktop\projects\realtime\ecommerce\api\account\views.py changed, reloading.
Watching for file changes with StatReloader
Watching for file changes with StatReloader
C:\Users\Code Craft\Desktop\projects\realtime\ecommerce\api\account\views.py changed, reloading.
C:\Users\Code Craft\Desktop\projects\realtime\ecommerce\api\account\views.py changed, reloading.
Watching for file changes with StatReloader
Watching for file changes with StatReloader
"GET /admin/account/user/ HTTP/1.1" 200 34562
"GET /admin/account/user/ HTTP/1.1" 200 34562
"GET /admin/jsi18n/ HTTP/1.1" 200 3342
"GET /admin/jsi18n/ HTTP/1.1" 200 3342
C:\Users\Code Craft\Desktop\projects\realtime\ecommerce\api\home\views.py changed, reloading.
C:\Users\Code Craft\Desktop\projects\realtime\ecommerce\api\home\views.py changed, reloading.
Watching for file changes with StatReloader
Watching for file changes with StatReloader
C:\Users\Code Craft\Desktop\projects\realtime\ecommerce\api\home\views.py changed, reloading.
C:\Users\Code Craft\Desktop\projects\realtime\ecommerce\api\home\views.py changed, reloading.
Watching for file changes with StatReloader
Watching for file changes with StatReloader
"GET /api/products/ HTTP/1.1" 200 2768
"GET /api/products/ HTTP/1.1" 200 2768
"GET /api/products/ HTTP/1.1" 200 2768
"GET /api/products/ HTTP/1.1" 200 2768
C:\Users\Code Craft\Desktop\projects\realtime\ecommerce\api\account\urls.py changed, reloading.
C:\Users\Code Craft\Desktop\projects\realtime\ecommerce\api\account\urls.py changed, reloading.
Watching for file changes with StatReloader
Watching for file changes with StatReloader
C:\Users\Code Craft\Desktop\projects\realtime\ecommerce\api\account\views.py changed, reloading.
C:\Users\Code Craft\Desktop\projects\realtime\ecommerce\api\account\views.py changed, reloading.
Watching for file changes with StatReloader
Watching for file changes with StatReloader
C:\Users\Code Craft\Desktop\projects\realtime\ecommerce\api\account\views.py changed, reloading.
C:\Users\Code Craft\Desktop\projects\realtime\ecommerce\api\account\views.py changed, reloading.
Watching for file changes with StatReloader
Watching for file changes with StatReloader
C:\Users\Code Craft\Desktop\projects\realtime\ecommerce\api\account\views.py changed, reloading.
C:\Users\Code Craft\Desktop\projects\realtime\ecommerce\api\account\views.py changed, reloading.
Watching for file changes with StatReloader
Watching for file changes with StatReloader
Watching for file changes with StatReloader
Watching for file changes with StatReloader
"GET /admin/account/user/ HTTP/1.1" 200 34562
"GET /admin/account/user/ HTTP/1.1" 200 34562
"GET /static/vendor/fontawesome-free/css/all.min.css HTTP/1.1" 304 0
"GET /static/vendor/fontawesome-free/css/all.min.css HTTP/1.1" 304 0
"GET /static/vendor/adminlte/css/adminlte.min.css HTTP/1.1" 304 0
"GET /static/jazzmin/css/main.css HTTP/1.1" 304 0
"GET /static/jazzmin/css/main.css HTTP/1.1" 304 0
"GET /static/vendor/adminlte/css/adminlte.min.css HTTP/1.1" 304 0
"GET /static/jazzmin/css/custom.css HTTP/1.1" 304 0
"GET /static/jazzmin/css/custom.css HTTP/1.1" 304 0
"GET /static/vendor/select2/css/select2.min.css HTTP/1.1" 304 0
"GET /static/vendor/select2/css/select2.min.css HTTP/1.1" 304 0
"GET /admin/jsi18n/ HTTP/1.1" 200 3342
"GET /static/admin/js/vendor/jquery/jquery.js HTTP/1.1" 304 0
"GET /admin/jsi18n/ HTTP/1.1" 200 3342
"GET /static/admin/js/vendor/jquery/jquery.js HTTP/1.1" 304 0
"GET /static/admin/js/jquery.init.js HTTP/1.1" 304 0
"GET /static/admin/js/jquery.init.js HTTP/1.1" 304 0
"GET /static/admin/js/core.js HTTP/1.1" 304 0
"GET /static/admin/js/core.js HTTP/1.1" 304 0
"GET /static/admin/js/admin/RelatedObjectLookups.js HTTP/1.1" 304 0
"GET /static/admin/js/admin/RelatedObjectLookups.js HTTP/1.1" 304 0
"GET /static/admin/js/actions.js HTTP/1.1" 304 0
"GET /static/admin/js/prepopulate.js HTTP/1.1" 304 0
"GET /static/admin/js/urlify.js HTTP/1.1" 304 0
"GET /static/admin/js/actions.js HTTP/1.1" 304 0
"GET /static/admin/js/prepopulate.js HTTP/1.1" 304 0
"GET /static/admin/js/urlify.js HTTP/1.1" 304 0
"GET /static/admin/js/vendor/xregexp/xregexp.js HTTP/1.1" 304 0
"GET /static/admin/js/vendor/xregexp/xregexp.js HTTP/1.1" 304 0
"GET /static/vendor/adminlte/img/AdminLTELogo.png HTTP/1.1" 304 0
"GET /static/vendor/adminlte/img/AdminLTELogo.png HTTP/1.1" 304 0
"GET /static/vendor/bootstrap/js/bootstrap.min.js HTTP/1.1" 304 0
"GET /static/vendor/bootstrap/js/bootstrap.min.js HTTP/1.1" 304 0
"GET /static/vendor/adminlte/js/adminlte.min.js HTTP/1.1" 304 0
"GET /static/vendor/adminlte/js/adminlte.min.js HTTP/1.1" 304 0
"GET /static/jazzmin/js/main.js HTTP/1.1" 304 0
"GET /static/jazzmin/js/main.js HTTP/1.1" 304 0
"GET /static/vendor/select2/js/select2.min.js HTTP/1.1" 304 0
"GET /static/vendor/select2/js/select2.min.js HTTP/1.1" 304 0
"GET /static/jazzmin/js/ui-builder.js HTTP/1.1" 304 0
"GET /static/jazzmin/js/ui-builder.js HTTP/1.1" 304 0
"GET /static/jazzmin/js/change_list.js HTTP/1.1" 304 0
"GET /static/jazzmin/js/change_list.js HTTP/1.1" 304 0
"GET /static/vendor/fontawesome-free/webfonts/fa-solid-900.woff2 HTTP/1.1" 304 0
"GET /static/vendor/fontawesome-free/webfonts/fa-solid-900.woff2 HTTP/1.1" 304 0
"GET /static/vendor/fontawesome-free/webfonts/fa-regular-400.woff2 HTTP/1.1" 304 0
"GET /static/vendor/fontawesome-free/webfonts/fa-regular-400.woff2 HTTP/1.1" 304 0
"GET /api/products/ HTTP/1.1" 200 2768
"GET /api/products/ HTTP/1.1" 200 2768
"GET /api/products/ HTTP/1.1" 200 2768
"GET /api/products/ HTTP/1.1" 200 2768
"GET /admin/account/user/ HTTP/1.1" 200 34562
"GET /admin/account/user/ HTTP/1.1" 200 34562
"GET /admin/jsi18n/ HTTP/1.1" 200 3342
"GET /admin/jsi18n/ HTTP/1.1" 200 3342
"GET /api/products/ HTTP/1.1" 200 2768
"GET /api/products/ HTTP/1.1" 200 2768
"GET /api/products/ HTTP/1.1" 200 2768
"GET /api/products/ HTTP/1.1" 200 2768
"GET /admin/account/user/ HTTP/1.1" 200 34562
"GET /admin/account/user/ HTTP/1.1" 200 34562
"GET /admin/jsi18n/ HTTP/1.1" 200 3342
"GET /admin/jsi18n/ HTTP/1.1" 200 3342
"GET /admin/account/user/ HTTP/1.1" 200 34562
"GET /admin/account/user/ HTTP/1.1" 200 34562
"GET /admin/jsi18n/ HTTP/1.1" 200 3342
"GET /admin/jsi18n/ HTTP/1.1" 200 3342
"GET /admin/account/user/ HTTP/1.1" 200 34562
"GET /admin/account/user/ HTTP/1.1" 200 34562
"GET /admin/jsi18n/ HTTP/1.1" 200 3342
"GET /admin/jsi18n/ HTTP/1.1" 200 3342
"GET /admin/account/user/ HTTP/1.1" 200 34562
"GET /admin/account/user/ HTTP/1.1" 200 34562
"GET /admin/jsi18n/ HTTP/1.1" 200 3342
"GET /admin/jsi18n/ HTTP/1.1" 200 3342
"GET /api/categories/ HTTP/1.1" 200 125
"GET /api/categories/ HTTP/1.1" 200 125
"GET /api/categories/ HTTP/1.1" 200 125
"GET /api/categories/ HTTP/1.1" 200 125
"GET /api/products/ HTTP/1.1" 200 2768
"GET /api/products/ HTTP/1.1" 200 2768
"GET /api/products/ HTTP/1.1" 200 2768
"GET /api/products/ HTTP/1.1" 200 2768
"GET /admin/account/user/ HTTP/1.1" 200 34562
"GET /admin/account/user/ HTTP/1.1" 200 34562
"GET /admin/jsi18n/ HTTP/1.1" 200 3342
"GET /admin/jsi18n/ HTTP/1.1" 200 3342
Received GET request
Method Not Allowed: /api/auth/users/
Method Not Allowed: /api/auth/users/
"GET /api/auth/users/ HTTP/1.1" 405 6936
"GET /api/auth/users/ HTTP/1.1" 405 6936
Received GET request
Method Not Allowed: /api/auth/users/
Method Not Allowed: /api/auth/users/
"GET /api/auth/users/ HTTP/1.1" 405 6936
"GET /api/auth/users/ HTTP/1.1" 405 6936
Received GET request
Method Not Allowed: /api/auth/users/
Method Not Allowed: /api/auth/users/
"GET /api/auth/users/ HTTP/1.1" 405 6936
"GET /api/auth/users/ HTTP/1.1" 405 6936
C:\Users\Code Craft\Desktop\projects\realtime\ecommerce\api\account\views.py changed, reloading.
C:\Users\Code Craft\Desktop\projects\realtime\ecommerce\api\account\views.py changed, reloading.
Watching for file changes with StatReloader
Watching for file changes with StatReloader
C:\Users\Code Craft\Desktop\projects\realtime\ecommerce\api\account\views.py changed, reloading.
C:\Users\Code Craft\Desktop\projects\realtime\ecommerce\api\account\views.py changed, reloading.
Watching for file changes with StatReloader
Watching for file changes with StatReloader
C:\Users\Code Craft\Desktop\projects\realtime\ecommerce\api\api\settings.py changed, reloading.
C:\Users\Code Craft\Desktop\projects\realtime\ecommerce\api\api\settings.py changed, reloading.
Watching for file changes with StatReloader
Watching for file changes with StatReloader
C:\Users\Code Craft\Desktop\projects\realtime\ecommerce\api\api\settings.py changed, reloading.
C:\Users\Code Craft\Desktop\projects\realtime\ecommerce\api\api\settings.py changed, reloading.
Watching for file changes with StatReloader
Watching for file changes with StatReloader
C:\Users\Code Craft\Desktop\projects\realtime\ecommerce\api\api\settings.py changed, reloading.
C:\Users\Code Craft\Desktop\projects\realtime\ecommerce\api\api\settings.py changed, reloading.
Watching for file changes with StatReloader
Watching for file changes with StatReloader
Watching for file changes with StatReloader
Watching for file changes with StatReloader
"GET /api/products/ HTTP/1.1" 200 2768
"GET /api/products/ HTTP/1.1" 200 2768
"GET /api/products/ HTTP/1.1" 200 2768
"GET /api/products/ HTTP/1.1" 200 2768
Received GET request - method not allowed
Method Not Allowed: /api/auth/users/
Method Not Allowed: /api/auth/users/
"GET /api/auth/users/ HTTP/1.1" 405 6948
"GET /api/auth/users/ HTTP/1.1" 405 6948
"GET /admin/account/user/ HTTP/1.1" 200 34562
"GET /admin/account/user/ HTTP/1.1" 200 34562
"GET /admin/jsi18n/ HTTP/1.1" 200 3342
"GET /admin/jsi18n/ HTTP/1.1" 200 3342
"GET /admin/account/user/ HTTP/1.1" 200 34562
"GET /admin/account/user/ HTTP/1.1" 200 34562
"GET /admin/jsi18n/ HTTP/1.1" 200 3342
"GET /admin/jsi18n/ HTTP/1.1" 200 3342
"GET /admin/account/user/ HTTP/1.1" 200 34562
"GET /admin/account/user/ HTTP/1.1" 200 34562
"GET /admin/jsi18n/ HTTP/1.1" 200 3342
"GET /admin/jsi18n/ HTTP/1.1" 200 3342
"GET /admin/account/user/ HTTP/1.1" 200 34562
"GET /admin/account/user/ HTTP/1.1" 200 34562
"GET /admin/jsi18n/ HTTP/1.1" 200 3342
"GET /admin/jsi18n/ HTTP/1.1" 200 3342
"GET /api/products/ HTTP/1.1" 200 2768
"GET /api/products/ HTTP/1.1" 200 2768
"GET /api/products/ HTTP/1.1" 200 2768
"GET /api/products/ HTTP/1.1" 200 2768
"GET /admin/account/user/ HTTP/1.1" 200 34562
"GET /admin/account/user/ HTTP/1.1" 200 34562
"GET /admin/jsi18n/ HTTP/1.1" 200 3342
"GET /admin/jsi18n/ HTTP/1.1" 200 3342
"GET /api/products/ HTTP/1.1" 200 2768
"GET /api/products/ HTTP/1.1" 200 2768
"GET /api/products/ HTTP/1.1" 200 2768
"GET /api/products/ HTTP/1.1" 200 2768
"GET /api/products/ HTTP/1.1" 200 2768
"GET /api/products/ HTTP/1.1" 200 2768
"GET /api/products/ HTTP/1.1" 200 2768
"GET /api/products/ HTTP/1.1" 200 2768
Received GET request - method not allowed
Method Not Allowed: /api/auth/users/
Method Not Allowed: /api/auth/users/
"GET /api/auth/users/ HTTP/1.1" 405 6948
"GET /api/auth/users/ HTTP/1.1" 405 6948
"GET /static/rest_framework/css/bootstrap.min.css HTTP/1.1" 304 0
"GET /static/rest_framework/css/bootstrap.min.css HTTP/1.1" 304 0
"GET /static/rest_framework/css/bootstrap-tweaks.css HTTP/1.1" 304 0
"GET /static/rest_framework/css/bootstrap-tweaks.css HTTP/1.1" 304 0
"GET /static/rest_framework/css/default.css HTTP/1.1" 304 0
"GET /static/rest_framework/css/default.css HTTP/1.1" 304 0
"GET /static/rest_framework/css/prettify.css HTTP/1.1" 304 0
"GET /static/rest_framework/js/jquery-3.7.1.min.js HTTP/1.1" 304 0
"GET /static/rest_framework/js/csrf.js HTTP/1.1" 304 0
"GET /static/rest_framework/css/prettify.css HTTP/1.1" 304 0
"GET /static/rest_framework/js/jquery-3.7.1.min.js HTTP/1.1" 304 0
"GET /static/rest_framework/js/ajax-form.js HTTP/1.1" 304 0
"GET /static/rest_framework/js/bootstrap.min.js HTTP/1.1" 304 0
"GET /static/rest_framework/js/csrf.js HTTP/1.1" 304 0
"GET /static/rest_framework/js/prettify-min.js HTTP/1.1" 304 0
"GET /static/rest_framework/js/ajax-form.js HTTP/1.1" 304 0
"GET /static/rest_framework/js/bootstrap.min.js HTTP/1.1" 304 0
"GET /static/rest_framework/js/load-ajax-form.js HTTP/1.1" 304 0
"GET /static/rest_framework/js/default.js HTTP/1.1" 304 0
"GET /static/rest_framework/js/default.js HTTP/1.1" 304 0
"GET /static/rest_framework/js/load-ajax-form.js HTTP/1.1" 304 0
"GET /static/rest_framework/js/prettify-min.js HTTP/1.1" 304 0
"GET /static/rest_framework/img/grid.png HTTP/1.1" 304 0
"GET /static/rest_framework/img/grid.png HTTP/1.1" 304 0
"GET /admin/account/user/ HTTP/1.1" 200 34562
"GET /admin/account/user/ HTTP/1.1" 200 34562
"GET /admin/jsi18n/ HTTP/1.1" 200 3342
"GET /admin/jsi18n/ HTTP/1.1" 200 3342
"GET /admin/account/user/ HTTP/1.1" 200 34562
"GET /admin/account/user/ HTTP/1.1" 200 34562
"GET /admin/jsi18n/ HTTP/1.1" 200 3342
"GET /admin/jsi18n/ HTTP/1.1" 200 3342
"GET /admin/account/user/ HTTP/1.1" 200 34562
"GET /admin/account/user/ HTTP/1.1" 200 34562
"GET /admin/jsi18n/ HTTP/1.1" 200 3342
"GET /admin/jsi18n/ HTTP/1.1" 200 3342
"GET /api/products/ HTTP/1.1" 200 2768
"GET /api/products/ HTTP/1.1" 200 2768
"GET /api/products/ HTTP/1.1" 200 2768
"GET /api/products/ HTTP/1.1" 200 2768
C:\Users\Code Craft\Desktop\projects\realtime\ecommerce\api\account\views.py changed, reloading.
C:\Users\Code Craft\Desktop\projects\realtime\ecommerce\api\account\views.py changed, reloading.
Watching for file changes with StatReloader
Watching for file changes with StatReloader
C:\Users\Code Craft\Desktop\projects\realtime\ecommerce\api\account\views.py changed, reloading.
C:\Users\Code Craft\Desktop\projects\realtime\ecommerce\api\account\views.py changed, reloading.
Watching for file changes with StatReloader
Watching for file changes with StatReloader
"GET /api/products/ HTTP/1.1" 200 2768
"GET /api/products/ HTTP/1.1" 200 2768
"GET /api/products/ HTTP/1.1" 200 2768
"GET /api/products/ HTTP/1.1" 200 2768
"GET /api/products/ HTTP/1.1" 200 2768
"GET /api/products/ HTTP/1.1" 200 2768
"GET /api/products/ HTTP/1.1" 200 2768
"GET /api/products/ HTTP/1.1" 200 2768
Method Not Allowed: /api/auth/users/
Method Not Allowed: /api/auth/users/
"GET /api/auth/users/ HTTP/1.1" 405 5627
"GET /api/auth/users/ HTTP/1.1" 405 5627
"GET /admin/account/user/ HTTP/1.1" 200 34562
"GET /admin/account/user/ HTTP/1.1" 200 34562
"GET /admin/jsi18n/ HTTP/1.1" 200 3342
"GET /admin/jsi18n/ HTTP/1.1" 200 3342
"GET /api/products/ HTTP/1.1" 200 2768
"GET /api/products/ HTTP/1.1" 200 2768
"GET /api/products/ HTTP/1.1" 200 2768
"GET /api/products/ HTTP/1.1" 200 2768
Method Not Allowed: /api/auth/users/
Method Not Allowed: /api/auth/users/
"GET /api/auth/users/ HTTP/1.1" 405 5627
"GET /api/auth/users/ HTTP/1.1" 405 5627
"GET /admin/account/user/ HTTP/1.1" 200 34562
"GET /admin/account/user/ HTTP/1.1" 200 34562
"GET /admin/jsi18n/ HTTP/1.1" 200 3342
"GET /admin/jsi18n/ HTTP/1.1" 200 3342
C:\Users\Code Craft\Desktop\projects\realtime\ecommerce\api\account\views.py changed, reloading.
C:\Users\Code Craft\Desktop\projects\realtime\ecommerce\api\account\views.py changed, reloading.
Watching for file changes with StatReloader
Watching for file changes with StatReloader
C:\Users\Code Craft\Desktop\projects\realtime\ecommerce\api\account\views.py changed, reloading.
C:\Users\Code Craft\Desktop\projects\realtime\ecommerce\api\account\views.py changed, reloading.
Watching for file changes with StatReloader
Watching for file changes with StatReloader
C:\Users\Code Craft\Desktop\projects\realtime\ecommerce\api\account\views.py changed, reloading.
C:\Users\Code Craft\Desktop\projects\realtime\ecommerce\api\account\views.py changed, reloading.
Watching for file changes with StatReloader
Watching for file changes with StatReloader
C:\Users\Code Craft\Desktop\projects\realtime\ecommerce\api\account\views.py changed, reloading.
C:\Users\Code Craft\Desktop\projects\realtime\ecommerce\api\account\views.py changed, reloading.
Watching for file changes with StatReloader
Watching for file changes with StatReloader
C:\Users\Code Craft\Desktop\projects\realtime\ecommerce\api\api\settings.py changed, reloading.
C:\Users\Code Craft\Desktop\projects\realtime\ecommerce\api\api\settings.py changed, reloading.
Watching for file changes with StatReloader
Watching for file changes with StatReloader
Watching for file changes with StatReloader
Watching for file changes with StatReloader
"GET /static/rest_framework/css/bootstrap.min.css HTTP/1.1" 304 0
"GET /static/rest_framework/css/bootstrap.min.css HTTP/1.1" 304 0
"GET /static/rest_framework/css/bootstrap-tweaks.css HTTP/1.1" 304 0
"GET /static/rest_framework/css/bootstrap-tweaks.css HTTP/1.1" 304 0
"GET /static/rest_framework/css/prettify.css HTTP/1.1" 304 0
"GET /static/rest_framework/js/bootstrap.min.js HTTP/1.1" 304 0
"GET /static/rest_framework/js/jquery-3.7.1.min.js HTTP/1.1" 304 0
"GET /static/rest_framework/css/prettify.css HTTP/1.1" 304 0
"GET /static/rest_framework/js/bootstrap.min.js HTTP/1.1" 304 0
"GET /static/rest_framework/css/default.css HTTP/1.1" 304 0
"GET /static/rest_framework/js/jquery-3.7.1.min.js HTTP/1.1" 304 0
"GET /static/rest_framework/js/ajax-form.js HTTP/1.1" 304 0
"GET /static/rest_framework/css/default.css HTTP/1.1" 304 0
"GET /static/rest_framework/js/default.js HTTP/1.1" 304 0
"GET /static/rest_framework/js/prettify-min.js HTTP/1.1" 304 0
"GET /static/rest_framework/js/prettify-min.js HTTP/1.1" 304 0
"GET /static/rest_framework/js/ajax-form.js HTTP/1.1" 304 0
"GET /static/rest_framework/js/default.js HTTP/1.1" 304 0
"GET /static/rest_framework/js/load-ajax-form.js HTTP/1.1" 304 0
"GET /static/rest_framework/js/load-ajax-form.js HTTP/1.1" 304 0
"GET /static/rest_framework/js/csrf.js HTTP/1.1" 304 0
"GET /static/rest_framework/js/csrf.js HTTP/1.1" 304 0
"GET /static/rest_framework/img/grid.png HTTP/1.1" 304 0
"GET /static/rest_framework/img/grid.png HTTP/1.1" 304 0
Method Not Allowed: /api/auth/users/
Method Not Allowed: /api/auth/users/
"GET /api/auth/users/ HTTP/1.1" 405 5627
"GET /api/auth/users/ HTTP/1.1" 405 5627
"GET /admin/account/user/ HTTP/1.1" 200 34562
"GET /admin/account/user/ HTTP/1.1" 200 34562
"GET /static/vendor/fontawesome-free/css/all.min.css HTTP/1.1" 304 0
"GET /static/vendor/fontawesome-free/css/all.min.css HTTP/1.1" 304 0
"GET /static/admin/js/jquery.init.js HTTP/1.1" 304 0
"GET /static/admin/js/jquery.init.js HTTP/1.1" 304 0
"GET /static/admin/js/actions.js HTTP/1.1" 304 0
"GET /static/admin/js/core.js HTTP/1.1" 304 0
"GET /static/admin/js/actions.js HTTP/1.1" 304 0
"GET /static/admin/js/admin/RelatedObjectLookups.js HTTP/1.1" 304 0
"GET /static/vendor/select2/css/select2.min.css HTTP/1.1" 304 0
"GET /static/vendor/select2/css/select2.min.css HTTP/1.1" 304 0
"GET /static/jazzmin/css/main.css HTTP/1.1" 304 0
"GET /static/admin/js/admin/RelatedObjectLookups.js HTTP/1.1" 304 0
"GET /static/admin/js/core.js HTTP/1.1" 304 0
"GET /static/admin/js/vendor/jquery/jquery.js HTTP/1.1" 304 0
"GET /static/admin/js/vendor/jquery/jquery.js HTTP/1.1" 304 0
"GET /static/admin/js/vendor/xregexp/xregexp.js HTTP/1.1" 304 0
"GET /static/admin/js/vendor/xregexp/xregexp.js HTTP/1.1" 304 0
"GET /static/admin/js/urlify.js HTTP/1.1" 304 0
"GET /static/admin/js/urlify.js HTTP/1.1" 304 0
"GET /static/jazzmin/css/main.css HTTP/1.1" 304 0
"GET /static/vendor/adminlte/css/adminlte.min.css HTTP/1.1" 304 0
"GET /static/vendor/adminlte/css/adminlte.min.css HTTP/1.1" 304 0
"GET /static/admin/js/prepopulate.js HTTP/1.1" 304 0
"GET /static/vendor/bootstrap/js/bootstrap.min.js HTTP/1.1" 304 0
"GET /admin/jsi18n/ HTTP/1.1" 200 3342
"GET /admin/jsi18n/ HTTP/1.1" 200 3342
"GET /static/vendor/bootstrap/js/bootstrap.min.js HTTP/1.1" 304 0
"GET /static/vendor/adminlte/img/AdminLTELogo.png HTTP/1.1" 304 0
"GET /static/admin/js/prepopulate.js HTTP/1.1" 304 0
"GET /static/vendor/adminlte/img/AdminLTELogo.png HTTP/1.1" 304 0
"GET /static/vendor/adminlte/js/adminlte.min.js HTTP/1.1" 304 0
"GET /static/vendor/adminlte/js/adminlte.min.js HTTP/1.1" 304 0
"GET /static/jazzmin/js/main.js HTTP/1.1" 304 0
"GET /static/jazzmin/js/main.js HTTP/1.1" 304 0
"GET /static/jazzmin/js/ui-builder.js HTTP/1.1" 304 0
"GET /static/jazzmin/js/ui-builder.js HTTP/1.1" 304 0
"GET /static/vendor/select2/js/select2.min.js HTTP/1.1" 304 0
"GET /static/vendor/select2/js/select2.min.js HTTP/1.1" 304 0
"GET /static/jazzmin/js/change_list.js HTTP/1.1" 304 0
"GET /static/jazzmin/js/change_list.js HTTP/1.1" 304 0
"GET /static/vendor/fontawesome-free/webfonts/fa-solid-900.woff2 HTTP/1.1" 304 0
"GET /static/vendor/fontawesome-free/webfonts/fa-regular-400.woff2 HTTP/1.1" 304 0
"GET /static/vendor/fontawesome-free/webfonts/fa-solid-900.woff2 HTTP/1.1" 304 0
"GET /static/vendor/fontawesome-free/webfonts/fa-regular-400.woff2 HTTP/1.1" 304 0
"GET /api/products/ HTTP/1.1" 200 2768
"GET /api/products/ HTTP/1.1" 200 2768
"GET /api/products/ HTTP/1.1" 200 2768
"GET /api/products/ HTTP/1.1" 200 2768
"GET /media/products/product_cabbage_17.jpg HTTP/1.1" 304 0
"GET /media/products/product_cabbage_17.jpg HTTP/1.1" 304 0
"GET /media/products/product_cassava_32.jpg HTTP/1.1" 304 0
"GET /media/products/product_cassava_32.jpg HTTP/1.1" 304 0
"GET /media/products/product_watermelon_13.jpg HTTP/1.1" 304 0
"GET /media/products/product_watermelon_13.jpg HTTP/1.1" 304 0
"GET /api/products/ HTTP/1.1" 200 2768
"GET /api/products/ HTTP/1.1" 200 2768
"GET /api/products/ HTTP/1.1" 200 2768
"GET /api/products/ HTTP/1.1" 200 2768
"GET /admin/account/user/ HTTP/1.1" 200 34562
"GET /admin/account/user/ HTTP/1.1" 200 34562
"GET /admin/jsi18n/ HTTP/1.1" 200 3342
"GET /admin/jsi18n/ HTTP/1.1" 200 3342
"GET /admin/account/user/ HTTP/1.1" 200 34562
"GET /admin/account/user/ HTTP/1.1" 200 34562
"GET /admin/jsi18n/ HTTP/1.1" 200 3342
"GET /admin/jsi18n/ HTTP/1.1" 200 3342
"GET /admin/account/user/ HTTP/1.1" 200 34562
"GET /admin/account/user/ HTTP/1.1" 200 34562
"GET /admin/jsi18n/ HTTP/1.1" 200 3342
"GET /admin/jsi18n/ HTTP/1.1" 200 3342
"GET /api/products/ HTTP/1.1" 200 2768
"GET /api/products/ HTTP/1.1" 200 2768
"GET /api/products/ HTTP/1.1" 200 2768
"GET /api/products/ HTTP/1.1" 200 2768
"GET /admin/account/user/ HTTP/1.1" 200 34562
"GET /admin/account/user/ HTTP/1.1" 200 34562
"GET /admin/jsi18n/ HTTP/1.1" 200 3342
"GET /admin/jsi18n/ HTTP/1.1" 200 3342
"GET /admin/account/user/ HTTP/1.1" 200 34562
"GET /admin/account/user/ HTTP/1.1" 200 34562
"GET /admin/jsi18n/ HTTP/1.1" 200 3342
"GET /admin/jsi18n/ HTTP/1.1" 200 3342
"GET /admin/account/user/ HTTP/1.1" 200 34562
"GET /admin/account/user/ HTTP/1.1" 200 34562
"GET /admin/jsi18n/ HTTP/1.1" 200 3342
"GET /admin/jsi18n/ HTTP/1.1" 200 3342
"GET /admin/account/user/ HTTP/1.1" 200 34562
"GET /admin/account/user/ HTTP/1.1" 200 34562
"GET /admin/jsi18n/ HTTP/1.1" 200 3342
"GET /admin/jsi18n/ HTTP/1.1" 200 3342
C:\Users\Code Craft\Desktop\projects\realtime\ecommerce\api\account\views.py changed, reloading.
C:\Users\Code Craft\Desktop\projects\realtime\ecommerce\api\account\views.py changed, reloading.
Watching for file changes with StatReloader
Watching for file changes with StatReloader
C:\Users\Code Craft\Desktop\projects\realtime\ecommerce\api\api\settings.py changed, reloading.
C:\Users\Code Craft\Desktop\projects\realtime\ecommerce\api\api\settings.py changed, reloading.
Watching for file changes with StatReloader
Watching for file changes with StatReloader
C:\Users\Code Craft\Desktop\projects\realtime\ecommerce\api\account\views.py changed, reloading.
C:\Users\Code Craft\Desktop\projects\realtime\ecommerce\api\account\views.py changed, reloading.
Watching for file changes with StatReloader
Watching for file changes with StatReloader
C:\Users\Code Craft\Desktop\projects\realtime\ecommerce\api\account\views.py changed, reloading.
C:\Users\Code Craft\Desktop\projects\realtime\ecommerce\api\account\views.py changed, reloading.
Watching for file changes with StatReloader
Watching for file changes with StatReloader
C:\Users\Code Craft\Desktop\projects\realtime\ecommerce\api\account\serializers.py changed, reloading.
C:\Users\Code Craft\Desktop\projects\realtime\ecommerce\api\account\serializers.py changed, reloading.
Watching for file changes with StatReloader
Watching for file changes with StatReloader
C:\Users\Code Craft\Desktop\projects\realtime\ecommerce\api\account\serializers.py changed, reloading.
C:\Users\Code Craft\Desktop\projects\realtime\ecommerce\api\account\serializers.py changed, reloading.
Watching for file changes with StatReloader
Watching for file changes with StatReloader
C:\Users\Code Craft\Desktop\projects\realtime\ecommerce\api\account\serializers.py changed, reloading.
C:\Users\Code Craft\Desktop\projects\realtime\ecommerce\api\account\serializers.py changed, reloading.
Watching for file changes with StatReloader
Watching for file changes with StatReloader
"GET /api/products/ HTTP/1.1" 200 2768
"GET /api/products/ HTTP/1.1" 200 2768
"GET /api/products/ HTTP/1.1" 200 2768
"GET /api/products/ HTTP/1.1" 200 2768
"GET /api/products/ HTTP/1.1" 200 2768
"GET /api/products/ HTTP/1.1" 200 2768
"GET /api/products/ HTTP/1.1" 200 2768
"GET /api/products/ HTTP/1.1" 200 2768
"GET /api/products/ HTTP/1.1" 200 2768
"GET /api/products/ HTTP/1.1" 200 2768
"GET /api/products/ HTTP/1.1" 200 2768
"GET /api/products/ HTTP/1.1" 200 2768
"GET /api/products/ HTTP/1.1" 200 2768
"GET /api/products/ HTTP/1.1" 200 2768
"GET /api/products/ HTTP/1.1" 200 2768
"GET /api/products/ HTTP/1.1" 200 2768
"GET /api/products/ HTTP/1.1" 200 2768
"GET /api/products/ HTTP/1.1" 200 2768
"GET /api/products/ HTTP/1.1" 200 2768
"GET /api/products/ HTTP/1.1" 200 2768
"GET /api/products/ HTTP/1.1" 200 2768
"GET /api/products/ HTTP/1.1" 200 2768
"GET /api/products/ HTTP/1.1" 200 2768
"GET /api/products/ HTTP/1.1" 200 2768
"OPTIONS /api/auth/users/ HTTP/1.1" 200 0
"OPTIONS /api/auth/users/ HTTP/1.1" 200 0
Received POST request: {'clerk_id': 'user_2khYKSMeq1DufAqw1l3JmwHY7Wc', 'email': 'kajugadaniels@gmail.com', 'first_name': 'KAJUGA', 'last_name': 'Daniel'}
User created/updated: kajugadaniels@gmail.com
"POST /api/auth/users/ HTTP/1.1" 201 124
"POST /api/auth/users/ HTTP/1.1" 201 124
"GET /api/products/ HTTP/1.1" 200 2768
"GET /api/products/ HTTP/1.1" 200 2768
"GET /api/products/ HTTP/1.1" 200 2768
"GET /api/products/ HTTP/1.1" 200 2768
"GET /admin/account/user/ HTTP/1.1" 200 35038
"GET /admin/account/user/ HTTP/1.1" 200 35038
"GET /admin/jsi18n/ HTTP/1.1" 200 3342
"GET /admin/jsi18n/ HTTP/1.1" 200 3342
Watching for file changes with StatReloader
Watching for file changes with StatReloader
Watching for file changes with StatReloader
Watching for file changes with StatReloader
"GET /api/products/ HTTP/1.1" 200 2768
"GET /api/products/ HTTP/1.1" 200 2768
"GET /api/products/ HTTP/1.1" 200 2768
"GET /api/products/ HTTP/1.1" 200 2768
"GET /media/products/product_cassava_32.jpg HTTP/1.1" 200 300740
"GET /media/products/product_cassava_32.jpg HTTP/1.1" 200 300740
"GET /media/products/product_cabbage_17.jpg HTTP/1.1" 200 442601
"GET /media/products/product_cabbage_17.jpg HTTP/1.1" 200 442601
"GET /media/products/product_watermelon_13.jpg HTTP/1.1" 200 422678
"GET /media/products/product_watermelon_13.jpg HTTP/1.1" 200 422678
"GET /api/products/ HTTP/1.1" 200 2768
"GET /api/products/ HTTP/1.1" 200 2768
"GET /api/products/ HTTP/1.1" 200 2768
"GET /api/products/ HTTP/1.1" 200 2768
"OPTIONS /api/auth/users/ HTTP/1.1" 200 0
"OPTIONS /api/auth/users/ HTTP/1.1" 200 0
Received POST request: {'clerk_id': 'user_2kj4bxLrkyBUb5W9RZiDYGOdG97', 'email': 'olivineuhiriwe2001@gmail.com', 'first_name': 'olivine', 'last_name': 'uhiriwe'}
User created/updated: olivineuhiriwe2001@gmail.com
"POST /api/auth/users/ HTTP/1.1" 201 131
"POST /api/auth/users/ HTTP/1.1" 201 131
"GET /api/products/ HTTP/1.1" 200 2768
"GET /api/products/ HTTP/1.1" 200 2768
"GET /api/products/ HTTP/1.1" 200 2768
"GET /api/products/ HTTP/1.1" 200 2768
"GET /api/categories/ HTTP/1.1" 200 125
"GET /api/categories/ HTTP/1.1" 200 125
"GET /api/products/ HTTP/1.1" 200 2768
"GET /api/products/ HTTP/1.1" 200 2768
"GET /api/categories/ HTTP/1.1" 200 125
"GET /api/categories/ HTTP/1.1" 200 125
"GET /api/products/ HTTP/1.1" 200 2768
"GET /api/products/ HTTP/1.1" 200 2768
"GET /api/categories/ HTTP/1.1" 200 125
"GET /api/categories/ HTTP/1.1" 200 125
"GET /api/products/ HTTP/1.1" 200 2768
"GET /api/products/ HTTP/1.1" 200 2768
"GET /api/categories/ HTTP/1.1" 200 125
"GET /api/categories/ HTTP/1.1" 200 125
"GET /api/products/ HTTP/1.1" 200 2768
"GET /api/products/ HTTP/1.1" 200 2768
"GET /media/products/product_cabbage_17.jpg HTTP/1.1" 200 442601
"GET /media/products/product_cabbage_17.jpg HTTP/1.1" 200 442601
"GET /media/products/product_cassava_32.jpg HTTP/1.1" 200 300740
"GET /media/products/product_cassava_32.jpg HTTP/1.1" 200 300740
"GET /media/products/product_watermelon_13.jpg HTTP/1.1" 200 422678
"GET /media/products/product_watermelon_13.jpg HTTP/1.1" 200 422678
"GET /media/products/product_cassava_32.jpg HTTP/1.1" 200 300740
"GET /media/products/product_cassava_32.jpg HTTP/1.1" 200 300740
"GET /media/products/product_cabbage_17.jpg HTTP/1.1" 200 442601
"GET /media/products/product_cabbage_17.jpg HTTP/1.1" 200 442601
"GET /media/products/product_watermelon_13.jpg HTTP/1.1" 200 422678
"GET /media/products/product_watermelon_13.jpg HTTP/1.1" 200 422678
"GET /api/products/ HTTP/1.1" 200 2768
"GET /api/products/ HTTP/1.1" 200 2768
"GET /media/products/product_watermelon_13.jpg HTTP/1.1" 304 0
"GET /media/products/product_watermelon_13.jpg HTTP/1.1" 304 0
"GET /media/products/product_cassava_32.jpg HTTP/1.1" 304 0
"GET /media/products/product_cabbage_17.jpg HTTP/1.1" 304 0
"GET /media/products/product_cassava_32.jpg HTTP/1.1" 304 0
"GET /api/products/ HTTP/1.1" 200 2768
"GET /api/products/ HTTP/1.1" 200 2768
"GET /media/products/product_cabbage_17.jpg HTTP/1.1" 304 0
"GET /api/categories/ HTTP/1.1" 200 125
"GET /api/categories/ HTTP/1.1" 200 125
"GET /api/categories/ HTTP/1.1" 200 125
"GET /api/categories/ HTTP/1.1" 200 125
"GET /api/products/ HTTP/1.1" 200 2768
"GET /api/products/ HTTP/1.1" 200 2768
"GET /api/products/ HTTP/1.1" 200 2768
"GET /api/products/ HTTP/1.1" 200 2768
Watching for file changes with StatReloader
Watching for file changes with StatReloader
"GET /api/products/ HTTP/1.1" 200 2768
"GET /api/products/ HTTP/1.1" 200 2768
"GET /api/products/ HTTP/1.1" 200 2768
"GET /api/products/ HTTP/1.1" 200 2768
Watching for file changes with StatReloader
Watching for file changes with StatReloader
